0 silly input [ 'publish' ]
1 silly flags { _: [ 'publish' ], 'reject-cycles': false, rejectCycles: false }
2 verbose rootPath /Users/Yugo/Desktop/y1l
3 info version 2.5.1
4 silly isInitialized
5 silly isInitialized true
6 silly existsSync /Users/Yugo/Desktop/y1l/VERSION
7 silly initialize attempt
8 info current version 0.1.0
9 silly isDetachedHead
10 silly getCurrentBranch
11 error initialize caught error
12 error Error: fatal: ambiguous argument 'HEAD': unknown revision or path not in the working tree.
12 error Use '--' to separate paths from revisions, like this:
12 error 'git <command> [<revision>...] -- [<file>...]'
12 error
12 error     at Function.module.exports.sync (/usr/local/lib/node_modules/lerna/node_modules/execa/index.js:303:26)
12 error     at Function.execSync (/usr/local/lib/node_modules/lerna/lib/ChildProcessUtilities.js:59:30)
12 error     at Function.getCurrentBranch (/usr/local/lib/node_modules/lerna/lib/GitUtilities.js:188:59)
12 error     at Function.isDetachedHead (/usr/local/lib/node_modules/lerna/lib/GitUtilities.js:41:37)
12 error     at PublishCommand.initialize (/usr/local/lib/node_modules/lerna/lib/commands/PublishCommand.js:236:36)
